<?xml version="1.0" encoding="UTF-8"?>
<!-- Generated by org.testng.reporters.JUnitReportReporter -->
<testsuite hostname="Sateesh" failures="0" tests="1" name="mavendemo1.Demo" time="19.034" errors="0" timestamp="2023-01-02T15:14:48 IST" skipped="0">
  <testcase classname="mavendemo1.Demo" name="teardown" time="19.034"/>
  <system-out/>
</testsuite> <!-- mavendemo1.Demo -->
